[01m[K/home/robocats/Desktop/RobotCode2025/ros2_ws/src/cpp_subcontroller/src/Navigator.cpp:6:10:[m[K [01;31m[Kfatal error: [m[Kmath.hpp: No such file or directory
    6 | #include [01;31m[K<math.hpp>[m[K
      |          [01;31m[K^~~~~~~~~~[m[K
compilation terminated.
gmake[2]: *** [CMakeFiles/navigator.dir/build.make:76: CMakeFiles/navigator.dir/src/Navigator.cpp.o] Error 1
gmake[1]: *** [CMakeFiles/Makefile2:165: CMakeFiles/navigator.dir/all] Error 2
gmake: *** [Makefile:146: all] Error 2
